PLINK v1.90b7.2 64-bit (11 Dec 2023)
Options in effect:
  --chr-set 29 no-xy
  --file Data/ADAPTmap_genotypeTOP_20160222_full/out/ADAPTmap_genotypeTOP_20160222_full
  --out Data/ADAPTmap_genotypeTOP_20160222_full/out/ADAPTmap_genotypeTOP_20160222_full
  --recode vcf

Hostname: pop-os
Working directory: /home/sscansa/MEGA/R/GWAS
Start time: Mon Feb 19 17:46:19 2024

Random number seed: 1708361179
63485 MB RAM detected; reserving 31742 MB for main workspace.
Scanning .ped file... done.
Performing single-pass .bed write (53347 variants, 4653 samples).
--file:
Data/ADAPTmap_genotypeTOP_20160222_full/out/ADAPTmap_genotypeTOP_20160222_full-temporary.bed
+
Data/ADAPTmap_genotypeTOP_20160222_full/out/ADAPTmap_genotypeTOP_20160222_full-temporary.bim
+
Data/ADAPTmap_genotypeTOP_20160222_full/out/ADAPTmap_genotypeTOP_20160222_full-temporary.fam
written.
53347 variants loaded from .bim file.
4653 samples (32 males, 158 females, 4463 ambiguous) loaded from .fam.
Ambiguous sex IDs written to
Data/ADAPTmap_genotypeTOP_20160222_full/out/ADAPTmap_genotypeTOP_20160222_full.nosex
.
Using 1 thread (no multithreaded calculations invoked).
Before main variant filters, 4653 founders and 0 nonfounders present.
Calculating allele frequencies... done.
Warning: 191 het. haploid genotypes present (see
Data/ADAPTmap_genotypeTOP_20160222_full/out/ADAPTmap_genotypeTOP_20160222_full.hh
); many commands treat these as missing.
Total genotyping rate is 0.969745.
53347 variants and 4653 samples pass filters and QC.
Note: No phenotypes present.
Warning: Underscore(s) present in sample IDs.
--recode vcf to
Data/ADAPTmap_genotypeTOP_20160222_full/out/ADAPTmap_genotypeTOP_20160222_full.vcf
... done.

End time: Mon Feb 19 17:46:25 2024
