PLINK v1.90b7.2 64-bit (11 Dec 2023)
Options in effect:
  --allow-no-sex
  --bfile Data/ADAPTmap_genotypeTOP_20160222_full/ADAPTmap_genotypeTOP_20160222_full
  --chr-set 29 no-xy
  --nonfounders
  --out Data/ADAPTmap_genotypeTOP_20160222_full/out/ADAPTmap_TOP
  --recode

Hostname: pop-os
Working directory: /home/sscansa/MEGA/R/GWAS
Start time: Mon Feb 19 21:51:16 2024

Random number seed: 1708375876
63485 MB RAM detected; reserving 31742 MB for main workspace.
53347 variants loaded from .bim file.
4653 samples (32 males, 158 females, 4463 ambiguous) loaded from .fam.
Ambiguous sex IDs written to
Data/ADAPTmap_genotypeTOP_20160222_full/out/ADAPTmap_TOP.nosex .
Using 1 thread (no multithreaded calculations invoked).
Before main variant filters, 4653 founders and 0 nonfounders present.
Calculating allele frequencies... done.
Warning: 191 het. haploid genotypes present (see
Data/ADAPTmap_genotypeTOP_20160222_full/out/ADAPTmap_TOP.hh ); many commands
treat these as missing.
Total genotyping rate is 0.969745.
53347 variants and 4653 samples pass filters and QC.
Note: No phenotypes present.
--recode ped to Data/ADAPTmap_genotypeTOP_20160222_full/out/ADAPTmap_TOP.ped +
Data/ADAPTmap_genotypeTOP_20160222_full/out/ADAPTmap_TOP.map ... done.

End time: Mon Feb 19 21:51:20 2024
