PLINK v1.90b7.2 64-bit (11 Dec 2023)
Options in effect:
  --autosome
  --bfile Data/ADAPTmap_genotypeTOP_20160222_full/ADAPTmap_genotypeTOP_20160222_full
  --chr-set 29 no-xy
  --geno 0.1
  --keep Data/ADAPTmap_genotypeTOP_20160222_full/filtered_goats.txt
  --maf 0.05
  --make-bed
  --mind 0.1
  --nonfounders
  --out Data/ADAPTmap_genotypeTOP_20160222_full/out/AfterQC_filtered_goats

Hostname: pop-os
Working directory: /home/sscansa/MEGA/R/GWAS
Start time: Thu Feb 22 14:54:55 2024

Random number seed: 1708610095
63485 MB RAM detected; reserving 31742 MB for main workspace.
49953 out of 53347 variants loaded from .bim file.
4653 samples (32 males, 158 females, 4463 ambiguous) loaded from .fam.
Ambiguous sex IDs written to
Data/ADAPTmap_genotypeTOP_20160222_full/out/AfterQC_filtered_goats.nosex .
--keep: 1430 samples remaining.
84 samples removed due to missing genotype data (--mind).
IDs written to
Data/ADAPTmap_genotypeTOP_20160222_full/out/AfterQC_filtered_goats.irem .
Using 1 thread (no multithreaded calculations invoked).
Before main variant filters, 1346 founders and 0 nonfounders present.
Calculating allele frequencies... done.
Total genotyping rate in remaining samples is 0.980716.
1277 variants removed due to missing genotype data (--geno).
165 variants removed due to minor allele threshold(s)
(--maf/--max-maf/--mac/--max-mac).
48511 variants and 1346 samples pass filters and QC.
Note: No phenotypes present.
--make-bed to
Data/ADAPTmap_genotypeTOP_20160222_full/out/AfterQC_filtered_goats.bed +
Data/ADAPTmap_genotypeTOP_20160222_full/out/AfterQC_filtered_goats.bim +
Data/ADAPTmap_genotypeTOP_20160222_full/out/AfterQC_filtered_goats.fam ...
done.

End time: Thu Feb 22 14:54:55 2024
