PLINK v1.90b7.2 64-bit (11 Dec 2023)
Options in effect:
  --allow-no-sex
  --chr-set 29 no-xy
  --distance-matrix
  --file Data/ADAPTmap_genotypeTOP_20160222_full/out/ADAPTmap_TOP
  --nonfounders
  --out Data/ADAPTmap_genotypeTOP_20160222_full/out/PCA_data

Hostname: pop-os
Working directory: /home/sscansa/MEGA/R/GWAS
Start time: Wed Feb 21 20:46:37 2024

Random number seed: 1708544797
63485 MB RAM detected; reserving 31742 MB for main workspace.
Scanning .ped file... done.
Performing single-pass .bed write (53347 variants, 4653 samples).
--file: Data/ADAPTmap_genotypeTOP_20160222_full/out/PCA_data-temporary.bed +
Data/ADAPTmap_genotypeTOP_20160222_full/out/PCA_data-temporary.bim +
Data/ADAPTmap_genotypeTOP_20160222_full/out/PCA_data-temporary.fam written.
53347 variants loaded from .bim file.
4653 samples (32 males, 158 females, 4463 ambiguous) loaded from .fam.
Ambiguous sex IDs written to
Data/ADAPTmap_genotypeTOP_20160222_full/out/PCA_data.nosex .
Using up to 15 threads (change this with --threads).
Before main variant filters, 4653 founders and 0 nonfounders present.
Calculating allele frequencies... done.
Warning: 191 het. haploid genotypes present (see
Data/ADAPTmap_genotypeTOP_20160222_full/out/PCA_data.hh ); many commands treat
these as missing.
Total genotyping rate is 0.969745.
53347 variants and 4653 samples pass filters and QC.
Note: No phenotypes present.
Excluding 1987 variants on non-autosomes from distance matrix calc.
Distance matrix calculation complete.
Distances (proportions) written to
Data/ADAPTmap_genotypeTOP_20160222_full/out/PCA_data.mdist , and IDs to
Data/ADAPTmap_genotypeTOP_20160222_full/out/PCA_data.mdist.id .

End time: Wed Feb 21 20:46:45 2024
